<?xml version="1.0" encoding="UTF-8"?>
<!-- Generated by org.testng.reporters.JUnitReportReporter -->
<testsuite skipped="0" hostname="Riyaans-MacBook-Air.local" name="BasicConcept.parameter.c_parameter" tests="1" failures="0" timestamp="2022-04-14T10:18:27 IST" time="3.297" errors="0">
  <testcase name="pathParam" time="3.297" classname="BasicConcept.parameter.c_parameter"/>
  <system-out/>
</testsuite> <!-- BasicConcept.parameter.c_parameter -->
