<?xml version="1.0" encoding="UTF-8"?>
<!-- Generated by org.testng.reporters.JUnitReportReporter -->
<testsuite skipped="0" hostname="Riyaans-MacBook-Air.local" name="BasicConcept.header.AutomateHeaders" tests="1" failures="0" timestamp="2022-04-14T09:43:54 IST" time="3.749" errors="0">
  <testcase name="extract_response_headers" time="3.749" classname="BasicConcept.header.AutomateHeaders"/>
  <system-out/>
</testsuite> <!-- BasicConcept.header.AutomateHeaders -->
