<?xml version="1.0" encoding="UTF-8"?>
<!-- Generated by org.testng.reporters.JUnitReportReporter -->
<testsuite skipped="0" hostname="Riyaans-MacBook-Air.local" name="BasicConcept.get.A_getMethod" tests="1" failures="0" timestamp="2022-05-03T09:29:01 IST" time="6.841" errors="0">
  <testcase name="example1" time="6.841" classname="BasicConcept.get.A_getMethod"/>
  <system-out/>
</testsuite> <!-- BasicConcept.get.A_getMethod -->
