<?xml version="1.0" encoding="UTF-8"?>
<!-- Generated by org.testng.reporters.JUnitReportReporter -->
<testsuite hostname="Riyaans-MacBook-Air.local" failures="0" tests="1" name="BasicConcept.SSL.sslValidation1" time="4.236" errors="0" timestamp="2022-02-02T08:54:28 IST" skipped="0">
  <testcase classname="BasicConcept.SSL.sslValidation1" name="multiple_headers" time="4.236"/>
  <system-out/>
</testsuite> <!-- BasicConcept.SSL.sslValidation1 -->
