<?xml version="1.0" encoding="UTF-8"?>
<!-- Generated by org.testng.reporters.JUnitReportReporter -->
<testsuite skipped="0" hostname="Riyaans-MacBook-Air.local" name="serilization.TestSerilization" tests="1" failures="0" timestamp="2022-04-18T09:22:45 IST" time="2.241" errors="0">
  <testcase name="testDeserilization" time="2.241" classname="serilization.TestSerilization"/>
  <system-out/>
</testsuite> <!-- serilization.TestSerilization -->
