<?xml version="1.0" encoding="UTF-8"?>
<!-- Generated by org.testng.reporters.JUnitReportReporter -->
<testsuite skipped="0" hostname="Riyaans-MacBook-Air.local" name="PostRequest.PostRequestTest" tests="1" failures="0" timestamp="2022-04-18T09:05:49 IST" time="2.364" errors="0">
  <testcase name="postRequest" time="2.364" classname="PostRequest.PostRequestTest"/>
  <system-out/>
</testsuite> <!-- PostRequest.PostRequestTest -->
