<?xml version="1.0" encoding="UTF-8"?>
<!-- Generated by org.testng.reporters.JUnitReportReporter -->
<testsuite skipped="0" hostname="Riyaans-MacBook-Air.local" name="BasicConcept.log.Logging" tests="1" failures="0" timestamp="2022-04-14T10:08:09 IST" time="3.796" errors="0">
  <testcase name="log_only_if_error" time="3.796" classname="BasicConcept.log.Logging"/>
  <system-out/>
</testsuite> <!-- BasicConcept.log.Logging -->
