<?xml version="1.0" encoding="UTF-8"?>
<!-- Generated by org.testng.reporters.JUnitReportReporter -->
<testsuite skipped="0" hostname="Riyaans-MacBook-Air.local" name="Files.UploadFile" tests="1" failures="0" timestamp="2022-04-14T10:36:50 IST" time="4.023" errors="0">
  <testcase name="upload_file_multipart_form_data" time="4.023" classname="Files.UploadFile"/>
  <system-out/>
</testsuite> <!-- Files.UploadFile -->
