<?xml version="1.0" encoding="UTF-8"?>
<!-- Generated by org.testng.reporters.JUnitReportReporter -->
<testsuite skipped="0" hostname="Riyaans-MacBook-Air.local" name="BasicConcept.SSL.sslValidation" tests="1" failures="0" timestamp="2022-04-14T10:24:38 IST" time="2.751" errors="0">
  <testcase name="ssl_validation" time="2.751" classname="BasicConcept.SSL.sslValidation"/>
  <system-out/>
</testsuite> <!-- BasicConcept.SSL.sslValidation -->
