<?xml version="1.0" encoding="UTF-8"?>
<!-- Generated by org.testng.reporters.JUnitReportReporter -->
<testsuite skipped="0" hostname="Riyaans-MacBook-Air.local" name="BasicConcept.get.AutomateGet" tests="1" failures="0" timestamp="2022-04-14T09:11:22 IST" time="4.552" errors="0">
  <testcase name="extract_single_value_from_response" time="4.552" classname="BasicConcept.get.AutomateGet"/>
  <system-out/>
</testsuite> <!-- BasicConcept.get.AutomateGet -->
