<?xml version="1.0" encoding="UTF-8"?>
<!-- Generated by org.testng.reporters.JUnitReportReporter -->
<testsuite hostname="Riyaans-MacBook-Air.local" failures="0" tests="1" name="BasicConcept.header.Headers" time="4.078" errors="0" timestamp="2022-02-01T10:41:40 IST" skipped="0">
  <testcase classname="BasicConcept.header.Headers" name="validate_status_code" time="4.078"/>
  <system-out/>
</testsuite> <!-- BasicConcept.header.Headers -->
