<?xml version="1.0" encoding="UTF-8"?>
<!-- Generated by org.testng.reporters.JUnitReportReporter -->
<testsuite hostname="Riyaans-MacBook-Air.local" failures="0" tests="1" name="Files.uploadFilesDemo" time="5.994" errors="0" timestamp="2022-02-02T09:58:58 IST" skipped="0">
  <testcase classname="Files.uploadFilesDemo" name="download" time="5.994"/>
  <system-out/>
</testsuite> <!-- Files.uploadFilesDemo -->
