<?xml version="1.0" encoding="UTF-8"?>
<!-- Generated by org.testng.reporters.JUnitReportReporter -->
<testsuite skipped="0" hostname="Riyaans-MacBook-Air.local" name="Files.DownloadFile" tests="1" failures="0" timestamp="2022-04-14T10:30:26 IST" time="6.771" errors="0">
  <testcase name="download_file" time="6.771" classname="Files.DownloadFile"/>
  <system-out/>
</testsuite> <!-- Files.DownloadFile -->
