<?xml version="1.0" encoding="UTF-8"?>
<!-- Generated by org.testng.reporters.JUnitReportReporter -->
<testsuite skipped="0" hostname="Riyaans-MacBook-Air.local" name="BasicConcept.get.GetMethods" tests="1" failures="0" timestamp="2022-04-14T09:23:18 IST" time="3.839" errors="0">
  <testcase name="extract_response" time="3.839" classname="BasicConcept.get.GetMethods"/>
  <system-out/>
</testsuite> <!-- BasicConcept.get.GetMethods -->
